#
# A fatal error has been detected by the Java Runtime Environment:
#
#  SIGSEGV (0xb) at pc=0x00007fff95d304d7, pid=39348, tid=51975
#
# JRE version: Java(TM) SE Runtime Environment (7.0_79-b15) (build 1.7.0_79-b15)
# Java VM: Java HotSpot(TM) 64-Bit Server VM (24.79-b02 mixed mode bsd-amd64 compressed oops)
# Problematic frame:
# C  [libobjc.A.dylib+0x14d7]  objc_msgSend+0x17
#
# Failed to write core dump. Core dumps have been disabled. To enable core dumping, try "ulimit -c unlimited" before starting Java again
#
# If you would like to submit a bug report, please visit:
#   http://bugreport.java.com/bugreport/crash.jsp
# The crash happened outside the Java Virtual Machine in native code.
# See problematic frame for where to report the bug.
#

---------------  T H R E A D  ---------------

Current thread (0x00007ff794b2f000):  JavaThread "Java2D Queue Flusher" daemon [_thread_in_native, id=51975, stack(0x00007000016e2000,0x00007000017e2000)]

siginfo:si_signo=SIGSEGV: si_errno=0, si_code=0 (SEGV0), si_addr=0x0000000000000000

Registers:
RAX=0x00007ff793a17000, RBX=0x00007ff794b2f1e8, RCX=0x00007ff793a17080, RDX=0x00000001137d0a0c
RSP=0x00007000017e17f8, RBP=0x00007000017e1820, RSI=0x00007fff9bd471a2, RDI=0x1000000000000000
R8 =0x00000007d7652260, R9 =0x00000007d765225c, R10=0x00000001086185cd, R11=0x00007ffffffffff8
R12=0x00007ff793a17078, R13=0x000000077b8134f0, R14=0x00007ff7934f6ab0, R15=0x00007ff793411af0
RIP=0x00007fff95d304d7, EFLAGS=0x0000000000010246, ERR=0x0000000000000000
  TRAPNO=0x000000000000000d

Top of Stack: (sp=0x00007000017e17f8)
0x00007000017e17f8:   00000001137dab57 00007ff795d1c6c0
0x00007000017e1808:   0000000000000000 00007ff794964610
0x00007000017e1818:   00007ff794b2f000 00007000017e18a0
0x00007000017e1828:   00000001137d04ea 00007ff794b2f000
0x00007000017e1838:   000000000000d70b 00007ff79357bd00
0x00007000017e1848:   0000000200000001 000000007c285e80
0x00007000017e1858:   000000077af2cf00 0000000000000000
0x00007000017e1868:   00007ff794964620 00007000007e18e0
0x00007000017e1878:   00007ff794b2f1e8 000000077b8134f0
0x00007000017e1888:   0000000000000000 00007000017e1948
0x00007000017e1898:   00007ff794b2f000 00007000017e1910
0x00007000017e18a8:   00000001086185f9 00007ff794b2f000
0x00007000017e18b8:   00007ff79341b7a8 00007000017e18f0
0x00007000017e18c8:   000000010770ea7f 00007000017e18d0
0x00007000017e18d8:   0000000000000000 00007000017e1948
0x00007000017e18e8:   000000077b814d58 0000000000000000
0x00007000017e18f8:   000000077b8134f0 0000000000000000
0x00007000017e1908:   00007000017e1930 00007000017e1990
0x00007000017e1918:   00000001086060d8 0000000000000000
0x00007000017e1928:   0000000108612f38 0000000000000020
0x00007000017e1938:   00007ff794964600 00000007d7652120
0x00007000017e1948:   00000007d7652108 00007000017e1950
0x00007000017e1958:   000000077b8135d5 00007000017e19a8
0x00007000017e1968:   000000077b814d58 0000000000000000
0x00007000017e1978:   000000077b8135f8 00007000017e1930
0x00007000017e1988:   00007000017e19b0 00000000faeca421
0x00007000017e1998:   000000010870737c 0000000000000020
0x00007000017e19a8:   00000007d7652108 00000007d7652258
0x00007000017e19b8:   00000007d7652260 00000007d76521f0
0x00007000017e19c8:   00000007d765225c 00000007d7652264
0x00007000017e19d8:   00000007d76521f0 0000000700000000
0x00007000017e19e8:   00000007d7652258 0000000000000000 

Instructions: (pc=0x00007fff95d304d7)
0x00007fff95d304b7:   00 31 c0 c3 0f 1f 44 00 00 48 85 ff 2e 74 62 40
0x00007fff95d304c7:   f6 c7 01 2e 75 66 49 bb f8 ff ff ff ff 7f 00 00
0x00007fff95d304d7:   4c 23 1f 49 89 f2 45 23 53 18 49 c1 e2 04 4d 03
0x00007fff95d304e7:   53 10 49 3b 32 75 04 41 ff 62 08 49 83 3a 01 76 

Register to memory mapping:

RAX=0x00007ff793a17000 is an unknown value
RBX=0x00007ff794b2f1e8 is an unknown value
RCX=0x00007ff793a17080 is an unknown value
RDX=0x00000001137d0a0c: Java_sun_java2d_opengl_OGLRenderQueue_flushBuffer+0xb5c in /Library/Java/JavaVirtualMachines/jdk1.7.0_79.jdk/Contents/Home/jre/lib/lwawt/liblwawt.dylib at 0x00000001137c8000
RSP=0x00007000017e17f8 is pointing into the stack for thread: 0x00007ff794b2f000
RBP=0x00007000017e1820 is pointing into the stack for thread: 0x00007ff794b2f000
RSI=0x00007fff9bd471a2: -[NSTitlebarContainerView transparent]+0xd9e0 in /System/Library/Frameworks/AppKit.framework/Versions/C/AppKit at 0x00007fff9b30f000
RDI=0x1000000000000000 is an unknown value
R8 =0x00000007d7652260 is an unknown value
R9 =0x00000007d765225c is an unknown value
R10=0x00000001086185cd is at code_begin+1197 in an Interpreter codelet
method entry point (kind = native)  [0x0000000108618120, 0x0000000108618f00]  3552 bytes
R11=0x00007ffffffffff8 is an unknown value
R12=0x00007ff793a17078 is an unknown value
R13=0x000000077b8134f0 is an oop
{method} 
 - klass: {other class}
R14=0x00007ff7934f6ab0 is an unknown value
R15=0x00007ff793411af0 is an unknown value


Stack: [0x00007000016e2000,0x00007000017e2000],  sp=0x00007000017e17f8,  free space=1021k
Native frames: (J=compiled Java code, j=interpreted, Vv=VM code, C=native code)
C  [libobjc.A.dylib+0x14d7]  objc_msgSend+0x17
C  [liblwawt.dylib+0x84ea]  Java_sun_java2d_opengl_OGLRenderQueue_flushBuffer+0x63a
j  sun.java2d.opengl.OGLRenderQueue.flushBuffer(JI)V+0
j  sun.java2d.opengl.OGLRenderQueue.flushBuffer()V+21
J 242% C2 sun.java2d.opengl.OGLRenderQueue$QueueFlusher.run()V (234 bytes) @ 0x000000010870737c [0x0000000108707000+0x37c]
v  ~StubRoutines::call_stub
V  [libjvm.dylib+0x2dbef8]
V  [libjvm.dylib+0x2dc40f]
V  [libjvm.dylib+0x2dc54c]
V  [libjvm.dylib+0x32b43a]
V  [libjvm.dylib+0x4f759d]
V  [libjvm.dylib+0x4f8ca5]
V  [libjvm.dylib+0x421c4e]
C  [libsystem_pthread.dylib+0x399d]  _pthread_body+0x83
C  [libsystem_pthread.dylib+0x391a]  _pthread_body+0x0
C  [libsystem_pthread.dylib+0x1351]  thread_start+0xd

Java frames: (J=compiled Java code, j=interpreted, Vv=VM code)
j  sun.java2d.opengl.OGLRenderQueue.flushBuffer(JI)V+0
j  sun.java2d.opengl.OGLRenderQueue.flushBuffer()V+21
J 242% C2 sun.java2d.opengl.OGLRenderQueue$QueueFlusher.run()V (234 bytes) @ 0x000000010870737c [0x0000000108707000+0x37c]
v  ~StubRoutines::call_stub

---------------  P R O C E S S  ---------------

Java Threads: ( => current thread )
  0x00007ff795367800 JavaThread "DestroyJavaVM" [_thread_blocked, id=4099, stack(0x0000700000084000,0x0000700000184000)]
  0x00007ff794256800 JavaThread "Smack-Remove Callbacks 0 (0)" daemon [_thread_blocked, id=64003, stack(0x0000700002080000,0x0000700002180000)]
  0x00007ff7950c5000 JavaThread "Smack-Single Threaded Executor 0 (0)" daemon [_thread_blocked, id=63491, stack(0x0000700001f7d000,0x000070000207d000)]
  0x00007ff794861800 JavaThread "Smack-Incoming Processor 0 (0)" daemon [_thread_blocked, id=62979, stack(0x0000700001e7a000,0x0000700001f7a000)]
  0x00007ff793ab2800 JavaThread "pool-1-thread-1" [_thread_blocked, id=61955, stack(0x0000700001c74000,0x0000700001d74000)]
  0x00007ff795103800 JavaThread "Smack-Ping 0 (0)" daemon [_thread_blocked, id=61455, stack(0x00007000015df000,0x00007000016df000)]
  0x00007ff793aae800 JavaThread "TimerQueue" daemon [_thread_blocked, id=60431, stack(0x0000700001b71000,0x0000700001c71000)]
  0x00007ff794251000 JavaThread "Thread-2" daemon [_thread_blocked, id=60055, stack(0x0000700001a6e000,0x0000700001b6e000)]
  0x00007ff794234800 JavaThread "AWT-EventQueue-0" [_thread_blocked, id=55563, stack(0x00007000018e8000,0x00007000019e8000)]
  0x00007ff794981000 JavaThread "Java2D Disposer" daemon [_thread_blocked, id=55051, stack(0x00007000017e5000,0x00007000018e5000)]
=>0x00007ff794b2f000 JavaThread "Java2D Queue Flusher" daemon [_thread_in_native, id=51975, stack(0x00007000016e2000,0x00007000017e2000)]
  0x00007ff7939e5800 JavaThread "AWT-Shutdown" [_thread_blocked, id=30995, stack(0x0000700001459000,0x0000700001559000)]
  0x00007ff7941cc800 JavaThread "AppKit Thread" daemon [_thread_in_native, id=2571, stack(0x00007fff58433000,0x00007fff58c33000)]
  0x00007ff794a5c000 JavaThread "BOSHClient[388408482]: Receive thread" daemon [_thread_blocked, id=20483, stack(0x00007000011cd000,0x00007000012cd000)]
  0x00007ff79483c000 JavaThread "Service Thread" daemon [_thread_blocked, id=19459, stack(0x0000700000fc7000,0x00007000010c7000)]
  0x00007ff79483b800 JavaThread "C2 CompilerThread1" daemon [_thread_blocked, id=18947, stack(0x0000700000ec4000,0x0000700000fc4000)]
  0x00007ff794826000 JavaThread "C2 CompilerThread0" daemon [_thread_blocked, id=18435, stack(0x0000700000dc1000,0x0000700000ec1000)]
  0x00007ff79481a000 JavaThread "JDWP Event Helper Thread" daemon [_thread_blocked, id=17411, stack(0x0000700000bbb000,0x0000700000cbb000)]
  0x00007ff793844000 JavaThread "Signal Dispatcher" daemon [_thread_blocked, id=13323, stack(0x00007000009b5000,0x0000700000ab5000)]
  0x00007ff794008000 JavaThread "Finalizer" daemon [_thread_blocked, id=12291, stack(0x000070000082f000,0x000070000092f000)]
  0x00007ff794007800 JavaThread "Reference Handler" daemon [_thread_blocked, id=11779, stack(0x000070000072c000,0x000070000082c000)]

Other Threads:
  0x00007ff794812000 VMThread [stack: 0x0000700000629000,0x0000700000729000] [id=11267]
  0x00007ff794034000 WatcherThread [stack: 0x00007000010ca000,0x00007000011ca000] [id=19971]

VM state:not at safepoint (normal execution)

VM Mutex/Monitor currently owned by a thread: None

Heap
 PSYoungGen      total 38912K, used 5481K [0x00000007d5500000, 0x00000007d8000000, 0x0000000800000000)
  eden space 33792K, 1% used [0x00000007d5500000,0x00000007d555ce20,0x00000007d7600000)
  from space 5120K, 99% used [0x00000007d7600000,0x00000007d7afd9b8,0x00000007d7b00000)
  to   space 5120K, 0% used [0x00000007d7b00000,0x00000007d7b00000,0x00000007d8000000)
 ParOldGen       total 87040K, used 20477K [0x0000000780000000, 0x0000000785500000, 0x00000007d5500000)
  object space 87040K, 23% used [0x0000000780000000,0x00000007813ff438,0x0000000785500000)
 PSPermGen       total 21504K, used 21159K [0x000000077ae00000, 0x000000077c300000, 0x0000000780000000)
  object space 21504K, 98% used [0x000000077ae00000,0x000000077c2a9ec0,0x000000077c300000)

Card table byte_map: [0x000000010b600000,0x000000010ba2a000] byte_map_base: 0x0000000107a29000

Polling page: 0x0000000107ce8000

Code Cache  [0x0000000108600000, 0x0000000108870000, 0x000000010b600000)
 total_blobs=788 nmethods=286 adapters=464 free_code_cache=47913Kb largest_free_block=49027584

Compilation events (10 events):
Event: 60692.649 Thread 0x00007ff794826000  307             org.apache.http.message.BufferedHeader::getName (5 bytes)
Event: 60692.649 Thread 0x00007ff794826000 nmethod 307 0x0000000108738110 code [0x0000000108738240, 0x00000001087382b8]
Event: 61002.358 Thread 0x00007ff79483b800  308             java.util.regex.Matcher::search (109 bytes)
Event: 61002.366 Thread 0x00007ff79483b800 nmethod 308 0x0000000108732d50 code [0x0000000108732ec0, 0x0000000108733148]
Event: 61800.882 Thread 0x00007ff794826000  309   !         java.util.zip.Inflater::inflate (113 bytes)
Event: 61800.886 Thread 0x00007ff794826000 nmethod 309 0x0000000108736810 code [0x0000000108736980, 0x0000000108736e48]
Event: 61926.002 Thread 0x00007ff79483b800  311 %           java.lang.Integer::parseInt @ 173 (261 bytes)
Event: 61926.025 Thread 0x00007ff79483b800 nmethod 311% 0x000000010873b950 code [0x000000010873bb20, 0x000000010873c6c8]
Event: 61985.527 Thread 0x00007ff794826000  312             java.lang.Integer::parseInt (261 bytes)
Event: 61985.546 Thread 0x00007ff794826000 nmethod 312 0x000000010873ccd0 code [0x000000010873cf00, 0x000000010873dba0]

GC Heap History (6 events):
Event: 4.216 GC heap before
{Heap before GC invocations=1 (full 0):
 PSYoungGen      total 38912K, used 31472K [0x00000007d5500000, 0x00000007d8000000, 0x0000000800000000)
  eden space 33792K, 93% used [0x00000007d5500000,0x00000007d73bc118,0x00000007d7600000)
  from space 5120K, 0% used [0x00000007d7b00000,0x00000007d7b00000,0x00000007d8000000)
  to   space 5120K, 0% used [0x00000007d7600000,0x00000007d7600000,0x00000007d7b00000)
 ParOldGen       total 87040K, used 0K [0x0000000780000000, 0x0000000785500000, 0x00000007d5500000)
  object space 87040K, 0% used [0x0000000780000000,0x0000000780000000,0x0000000785500000)
 PSPermGen       total 21504K, used 16657K [0x000000077ae00000, 0x000000077c300000, 0x0000000780000000)
  object space 21504K, 77% used [0x000000077ae00000,0x000000077be445a8,0x000000077c300000)
Event: 4.230 GC heap after
Heap after GC invocations=1 (full 0):
 PSYoungGen      total 38912K, used 5109K [0x00000007d5500000, 0x00000007d8000000, 0x0000000800000000)
  eden space 33792K, 0% used [0x00000007d5500000,0x00000007d5500000,0x00000007d7600000)
  from space 5120K, 99% used [0x00000007d7600000,0x00000007d7afd480,0x00000007d7b00000)
  to   space 5120K, 0% used [0x00000007d7b00000,0x00000007d7b00000,0x00000007d8000000)
 ParOldGen       total 87040K, used 1923K [0x0000000780000000, 0x0000000785500000, 0x00000007d5500000)
  object space 87040K, 2% used [0x0000000780000000,0x00000007801e0e78,0x0000000785500000)
 PSPermGen       total 21504K, used 16657K [0x000000077ae00000, 0x000000077c300000, 0x0000000780000000)
  object space 21504K, 77% used [0x000000077ae00000,0x000000077be445a8,0x000000077c300000)
}
Event: 189.358 GC heap before
{Heap before GC invocations=2 (full 0):
 PSYoungGen      total 38912K, used 38901K [0x00000007d5500000, 0x00000007d8000000, 0x0000000800000000)
  eden space 33792K, 100% used [0x00000007d5500000,0x00000007d7600000,0x00000007d7600000)
  from space 5120K, 99% used [0x00000007d7600000,0x00000007d7afd480,0x00000007d7b00000)
  to   space 5120K, 0% used [0x00000007d7b00000,0x00000007d7b00000,0x00000007d8000000)
 ParOldGen       total 87040K, used 1923K [0x0000000780000000, 0x0000000785500000, 0x00000007d5500000)
  object space 87040K, 2% used [0x0000000780000000,0x00000007801e0e78,0x0000000785500000)
 PSPermGen       total 21504K, used 21049K [0x000000077ae00000, 0x000000077c300000, 0x0000000780000000)
  object space 21504K, 97% used [0x000000077ae00000,0x000000077c28e570,0x000000077c300000)
Event: 189.464 GC heap after
Heap after GC invocations=2 (full 0):
 PSYoungGen      total 38912K, used 5114K [0x00000007d5500000, 0x00000007d8000000, 0x0000000800000000)
  eden space 33792K, 0% used [0x00000007d5500000,0x00000007d5500000,0x00000007d7600000)
  from space 5120K, 99% used [0x00000007d7b00000,0x00000007d7ffe960,0x00000007d8000000)
  to   space 5120K, 0% used [0x00000007d7600000,0x00000007d7600000,0x00000007d7b00000)
 ParOldGen       total 87040K, used 19130K [0x0000000780000000, 0x0000000785500000, 0x00000007d5500000)
  object space 87040K, 21% used [0x0000000780000000,0x00000007812ae928,0x0000000785500000)
 PSPermGen       total 21504K, used 21049K [0x000000077ae00000, 0x000000077c300000, 0x0000000780000000)
  object space 21504K, 97% used [0x000000077ae00000,0x000000077c28e570,0x000000077c300000)
}
Event: 63158.556 GC heap before
{Heap before GC invocations=3 (full 0):
 PSYoungGen      total 38912K, used 38906K [0x00000007d5500000, 0x00000007d8000000, 0x0000000800000000)
  eden space 33792K, 100% used [0x00000007d5500000,0x00000007d7600000,0x00000007d7600000)
  from space 5120K, 99% used [0x00000007d7b00000,0x00000007d7ffe960,0x00000007d8000000)
  to   space 5120K, 0% used [0x00000007d7600000,0x00000007d7600000,0x00000007d7b00000)
 ParOldGen       total 87040K, used 19130K [0x0000000780000000, 0x0000000785500000, 0x00000007d5500000)
  object space 87040K, 21% used [0x0000000780000000,0x00000007812ae928,0x0000000785500000)
 PSPermGen       total 21504K, used 21159K [0x000000077ae00000, 0x000000077c300000, 0x0000000780000000)
  object space 21504K, 98% used [0x000000077ae00000,0x000000077c2a9ec0,0x000000077c300000)
Event: 63158.610 GC heap after
Heap after GC invocations=3 (full 0):
 PSYoungGen      total 38912K, used 5110K [0x00000007d5500000, 0x00000007d8000000, 0x0000000800000000)
  eden space 33792K, 0% used [0x00000007d5500000,0x00000007d5500000,0x00000007d7600000)
  from space 5120K, 99% used [0x00000007d7600000,0x00000007d7afd9b8,0x00000007d7b00000)
  to   space 5120K, 0% used [0x00000007d7b00000,0x00000007d7b00000,0x00000007d8000000)
 ParOldGen       total 87040K, used 20477K [0x0000000780000000, 0x0000000785500000, 0x00000007d5500000)
  object space 87040K, 23% used [0x0000000780000000,0x00000007813ff438,0x0000000785500000)
 PSPermGen       total 21504K, used 21159K [0x000000077ae00000, 0x000000077c300000, 0x0000000780000000)
  object space 21504K, 98% used [0x000000077ae00000,0x000000077c2a9ec0,0x000000077c300000)
}

Deoptimization events (10 events):
Event: 10.286 Thread 0x00007ff794234800 Uncommon trap: reason=class_check action=maybe_recompile pc=0x00000001086d1cb0 method=java.util.Properties$LineReader.readLine()I @ 62
Event: 10.287 Thread 0x00007ff794234800 Uncommon trap: reason=class_check action=maybe_recompile pc=0x00000001086d1cb0 method=java.util.Properties$LineReader.readLine()I @ 62
Event: 10.377 Thread 0x00007ff793806000 Uncommon trap: reason=class_check action=maybe_recompile pc=0x00000001086df274 method=java.util.HashMap.put(Ljava/lang/Object;Ljava/lang/Object;)Ljava/lang/Object; @ 105
Event: 10.378 Thread 0x00007ff794234800 Uncommon trap: reason=unloaded action=reinterpret pc=0x0000000108675518 method=java.lang.CharacterData.of(I)Ljava/lang/CharacterData; @ 96
Event: 28.198 Thread 0x00007ff794234800 Uncommon trap: reason=class_check action=maybe_recompile pc=0x0000000108665f9c method=java.lang.String.equals(Ljava/lang/Object;)Z @ 8
Event: 28.198 Thread 0x00007ff794234800 Uncommon trap: reason=class_check action=maybe_recompile pc=0x0000000108665f9c method=java.lang.String.equals(Ljava/lang/Object;)Z @ 8
Event: 28.198 Thread 0x00007ff794234800 Uncommon trap: reason=class_check action=maybe_recompile pc=0x0000000108665f9c method=java.lang.String.equals(Ljava/lang/Object;)Z @ 8
Event: 28.198 Thread 0x00007ff794234800 Uncommon trap: reason=class_check action=maybe_recompile pc=0x0000000108665f9c method=java.lang.String.equals(Ljava/lang/Object;)Z @ 8
Event: 546.597 Thread 0x00007ff795367800 Uncommon trap: reason=unreached action=reinterpret pc=0x00000001086ecc1c method=java.security.AccessControlContext.optimize()Ljava/security/AccessControlContext; @ 33
Event: 606.132 Thread 0x00007ff794234800 Uncommon trap: reason=null_check action=make_not_entrant pc=0x0000000108703604 method=java.lang.Boolean.equals(Ljava/lang/Object;)Z @ 1

Internal exceptions (10 events):
Event: 61679.743 Thread 0x00007ff794a5c000 Threw 0x00000007d7551370 at /HUDSON/workspace/7u-2-build-macosx-x86_64/jdk7u79/2331/hotspot/src/share/vm/prims/jni.cpp:743
Event: 61741.339 Thread 0x00007ff794a5c000 Threw 0x00000007d75663c8 at /HUDSON/workspace/7u-2-build-macosx-x86_64/jdk7u79/2331/hotspot/src/share/vm/prims/jni.cpp:743
Event: 61802.894 Thread 0x00007ff794a5c000 Threw 0x00000007d7577400 at /HUDSON/workspace/7u-2-build-macosx-x86_64/jdk7u79/2331/hotspot/src/share/vm/prims/jni.cpp:743
Event: 61864.468 Thread 0x00007ff794a5c000 Threw 0x00000007d7588438 at /HUDSON/workspace/7u-2-build-macosx-x86_64/jdk7u79/2331/hotspot/src/share/vm/prims/jni.cpp:743
Event: 61926.003 Thread 0x00007ff794a5c000 Threw 0x00000007d7599470 at /HUDSON/workspace/7u-2-build-macosx-x86_64/jdk7u79/2331/hotspot/src/share/vm/prims/jni.cpp:743
Event: 61987.539 Thread 0x00007ff794a5c000 Threw 0x00000007d75ab438 at /HUDSON/workspace/7u-2-build-macosx-x86_64/jdk7u79/2331/hotspot/src/share/vm/prims/jni.cpp:743
Event: 62049.097 Thread 0x00007ff794a5c000 Threw 0x00000007d75bc470 at /HUDSON/workspace/7u-2-build-macosx-x86_64/jdk7u79/2331/hotspot/src/share/vm/prims/jni.cpp:743
Event: 62110.643 Thread 0x00007ff794a5c000 Threw 0x00000007d75cd4a8 at /HUDSON/workspace/7u-2-build-macosx-x86_64/jdk7u79/2331/hotspot/src/share/vm/prims/jni.cpp:743
Event: 63037.372 Thread 0x00007ff794a5c000 Threw 0x00000007d75de4e0 at /HUDSON/workspace/7u-2-build-macosx-x86_64/jdk7u79/2331/hotspot/src/share/vm/prims/jni.cpp:743
Event: 63098.964 Thread 0x00007ff794a5c000 Threw 0x00000007d75ef518 at /HUDSON/workspace/7u-2-build-macosx-x86_64/jdk7u79/2331/hotspot/src/share/vm/prims/jni.cpp:743

Events (10 events):
Event: 6941.659 Thread 0x00007ff79491b000 Thread exited: 0x00007ff79491b000
Event: 7314.646 Thread 0x00007ff79483b800 flushing nmethod 0x00000001086ec290
Event: 57945.378 loading class 0x00007ff7941ab360
Event: 57945.389 loading class 0x00007ff7941ab360 done
Event: 63042.913 Executing VM operation: ChangeBreakpoints
Event: 63042.915 Executing VM operation: ChangeBreakpoints done
Event: 63042.915 Thread 0x00007ff793844800 Thread exited: 0x00007ff793844800
Event: 63042.935 Thread 0x00007ff794025800 Thread exited: 0x00007ff794025800
Event: 63158.555 Executing VM operation: ParallelGCFailedAllocation
Event: 63158.610 Executing VM operation: ParallelGCFailedAllocation done


Dynamic libraries:
0x0000000007c00000 	/System/Library/Frameworks/Cocoa.framework/Versions/A/Cocoa
0x0000000007c00000 	/System/Library/Frameworks/Security.framework/Versions/A/Security
0x0000000007c00000 	/System/Library/Frameworks/ApplicationServices.framework/Versions/A/ApplicationServices
0x0000000007c00000 	/usr/lib/libz.1.dylib
0x0000000007c00000 	/usr/lib/libSystem.B.dylib
0x0000000007c00000 	/usr/lib/libobjc.A.dylib
0x0000000007c00000 	/System/Library/Frameworks/CoreFoundation.framework/Versions/A/CoreFoundation
0x0000000007c00000 	/System/Library/Frameworks/Foundation.framework/Versions/C/Foundation
0x0000000007c00000 	/System/Library/Frameworks/AppKit.framework/Versions/C/AppKit
0x0000000007c00000 	/System/Library/Frameworks/CoreData.framework/Versions/A/CoreData
0x0000000007c00000 	/System/Library/PrivateFrameworks/RemoteViewServices.framework/Versions/A/RemoteViewServices
0x0000000007c00000 	/System/Library/PrivateFrameworks/UIFoundation.framework/Versions/A/UIFoundation
0x0000000007c00000 	/usr/lib/libScreenReader.dylib
0x0000000007c00000 	/System/Library/Frameworks/Accelerate.framework/Versions/A/Accelerate
0x0000000007c00000 	/System/Library/Frameworks/IOSurface.framework/Versions/A/IOSurface
0x0000000007c00000 	/System/Library/Frameworks/AudioToolbox.framework/Versions/A/AudioToolbox
0x0000000007c00000 	/System/Library/Frameworks/AudioUnit.framework/Versions/A/AudioUnit
0x0000000007c00000 	/System/Library/PrivateFrameworks/DataDetectorsCore.framework/Versions/A/DataDetectorsCore
0x0000000007c00000 	/System/Library/PrivateFrameworks/DesktopServicesPriv.framework/Versions/A/DesktopServicesPriv
0x0000000007c00000 	/System/Library/Frameworks/Carbon.framework/Versions/A/Frameworks/HIToolbox.framework/Versions/A/HIToolbox
0x0000000007c00000 	/System/Library/Frameworks/QuartzCore.framework/Versions/A/QuartzCore
0x0000000007c00000 	/System/Library/Frameworks/Carbon.framework/Versions/A/Frameworks/SpeechRecognition.framework/Versions/A/SpeechRecognition
0x0000000007c00000 	/usr/lib/libauto.dylib
0x0000000007c00000 	/usr/lib/libicucore.A.dylib
0x0000000007c00000 	/usr/lib/libxml2.2.dylib
0x0000000007c00000 	/System/Library/PrivateFrameworks/CoreUI.framework/Versions/A/CoreUI
0x0000000007c00000 	/System/Library/Frameworks/CoreAudio.framework/Versions/A/CoreAudio
0x0000000007c00000 	/System/Library/Frameworks/DiskArbitration.framework/Versions/A/DiskArbitration
0x0000000007c00000 	/usr/lib/liblangid.dylib
0x0000000007c00000 	/System/Library/PrivateFrameworks/MultitouchSupport.framework/Versions/A/MultitouchSupport
0x0000000007c00000 	/System/Library/Frameworks/IOKit.framework/Versions/A/IOKit
0x0000000007c00000 	/usr/lib/libDiagnosticMessagesClient.dylib
0x0000000007c00000 	/System/Library/Frameworks/CoreServices.framework/Versions/A/CoreServices
0x0000000007c00000 	/System/Library/PrivateFrameworks/PerformanceAnalysis.framework/Versions/A/PerformanceAnalysis
0x0000000007c00000 	/System/Library/PrivateFrameworks/GenerationalStorage.framework/Versions/A/GenerationalStorage
0x0000000007c00000 	/System/Library/Frameworks/OpenGL.framework/Versions/A/OpenGL
0x0000000007c00000 	/System/Library/PrivateFrameworks/Sharing.framework/Versions/A/Sharing
0x0000000007c00000 	/System/Library/Frameworks/CoreGraphics.framework/Versions/A/CoreGraphics
0x0000000007c00000 	/System/Library/Frameworks/CoreImage.framework/Versions/A/CoreImage
0x0000000007c00000 	/System/Library/Frameworks/CoreText.framework/Versions/A/CoreText
0x0000000007c00000 	/System/Library/Frameworks/ImageIO.framework/Versions/A/ImageIO
0x0000000007c00000 	/System/Library/PrivateFrameworks/Backup.framework/Versions/A/Backup
0x0000000007c00000 	/usr/lib/libextension.dylib
0x0000000007c00000 	/usr/lib/libarchive.2.dylib
0x0000000007c00000 	/System/Library/Frameworks/CFNetwork.framework/Versions/A/CFNetwork
0x0000000007c00000 	/System/Library/Frameworks/SystemConfiguration.framework/Versions/A/SystemConfiguration
0x0000000007c00000 	/usr/lib/libCRFSuite.dylib
0x0000000007c00000 	/usr/lib/libc++.1.dylib
0x0000000007c00000 	/usr/lib/libc++abi.dylib
0x0000000007c00000 	/usr/lib/system/libcache.dylib
0x0000000007c00000 	/usr/lib/system/libcommonCrypto.dylib
0x0000000007c00000 	/usr/lib/system/libcompiler_rt.dylib
0x0000000007c00000 	/usr/lib/system/libcopyfile.dylib
0x0000000007c00000 	/usr/lib/system/libcorecrypto.dylib
0x0000000007c00000 	/usr/lib/system/libdispatch.dylib
0x0000000007c00000 	/usr/lib/system/libdyld.dylib
0x0000000007c00000 	/usr/lib/system/libkeymgr.dylib
0x0000000007c00000 	/usr/lib/system/liblaunch.dylib
0x0000000007c00000 	/usr/lib/system/libmacho.dylib
0x0000000007c00000 	/usr/lib/system/libquarantine.dylib
0x0000000007c00000 	/usr/lib/system/libremovefile.dylib
0x0000000007c00000 	/usr/lib/system/libsystem_asl.dylib
0x0000000007c00000 	/usr/lib/system/libsystem_blocks.dylib
0x0000000007c00000 	/usr/lib/system/libsystem_c.dylib
0x0000000007c00000 	/usr/lib/system/libsystem_configuration.dylib
0x0000000007c00000 	/usr/lib/system/libsystem_coreservices.dylib
0x0000000007c00000 	/usr/lib/system/libsystem_coretls.dylib
0x0000000007c00000 	/usr/lib/system/libsystem_dnssd.dylib
0x0000000007c00000 	/usr/lib/system/libsystem_info.dylib
0x0000000007c00000 	/usr/lib/system/libsystem_kernel.dylib
0x0000000007c00000 	/usr/lib/system/libsystem_m.dylib
0x0000000007c00000 	/usr/lib/system/libsystem_malloc.dylib
0x0000000007c00000 	/usr/lib/system/libsystem_network.dylib
0x0000000007c00000 	/usr/lib/system/libsystem_networkextension.dylib
0x0000000007c00000 	/usr/lib/system/libsystem_notify.dylib
0x0000000007c00000 	/usr/lib/system/libsystem_platform.dylib
0x0000000007c00000 	/usr/lib/system/libsystem_pthread.dylib
0x0000000007c00000 	/usr/lib/system/libsystem_sandbox.dylib
0x0000000007c00000 	/usr/lib/system/libsystem_secinit.dylib
0x0000000007c00000 	/usr/lib/system/libsystem_trace.dylib
0x0000000007c00000 	/usr/lib/system/libunc.dylib
0x0000000007c00000 	/usr/lib/system/libunwind.dylib
0x0000000007c00000 	/usr/lib/system/libxpc.dylib
0x0000000007c00000 	/usr/lib/libenergytrace.dylib
0x0000000007c00000 	/usr/lib/libbsm.0.dylib
0x0000000007c00000 	/usr/lib/system/libkxld.dylib
0x0000000007c00000 	/usr/lib/libxar.1.dylib
0x0000000007c00000 	/usr/lib/libsqlite3.dylib
0x0000000007c00000 	/usr/lib/libpam.2.dylib
0x0000000007c00000 	/usr/lib/libOpenScriptingUtil.dylib
0x0000000007c00000 	/usr/lib/libbz2.1.0.dylib
0x0000000007c00000 	/usr/lib/liblzma.5.dylib
0x0000000007c00000 	/System/Library/Frameworks/CoreServices.framework/Versions/A/Frameworks/FSEvents.framework/Versions/A/FSEvents
0x0000000007c00000 	/System/Library/Frameworks/CoreServices.framework/Versions/A/Frameworks/CarbonCore.framework/Versions/A/CarbonCore
0x0000000007c00000 	/System/Library/Frameworks/CoreServices.framework/Versions/A/Frameworks/Metadata.framework/Versions/A/Metadata
0x0000000007c00000 	/System/Library/Frameworks/CoreServices.framework/Versions/A/Frameworks/OSServices.framework/Versions/A/OSServices
0x0000000007c00000 	/System/Library/Frameworks/CoreServices.framework/Versions/A/Frameworks/SearchKit.framework/Versions/A/SearchKit
0x0000000007c00000 	/System/Library/Frameworks/CoreServices.framework/Versions/A/Frameworks/AE.framework/Versions/A/AE
0x0000000007c00000 	/System/Library/Frameworks/CoreServices.framework/Versions/A/Frameworks/LaunchServices.framework/Versions/A/LaunchServices
0x0000000007c00000 	/System/Library/Frameworks/CoreServices.framework/Versions/A/Frameworks/DictionaryServices.framework/Versions/A/DictionaryServices
0x0000000007c00000 	/System/Library/Frameworks/CoreServices.framework/Versions/A/Frameworks/SharedFileList.framework/Versions/A/SharedFileList
0x0000000007c00000 	/System/Library/Frameworks/NetFS.framework/Versions/A/NetFS
0x0000000007c00000 	/System/Library/PrivateFrameworks/NetAuth.framework/Versions/A/NetAuth
0x0000000007c00000 	/System/Library/PrivateFrameworks/login.framework/Versions/A/Frameworks/loginsupport.framework/Versions/A/loginsupport
0x0000000007c00000 	/System/Library/PrivateFrameworks/TCC.framework/Versions/A/TCC
0x0000000007c00000 	/usr/lib/libmecabra.dylib
0x0000000007c00000 	/System/Library/Frameworks/ApplicationServices.framework/Versions/A/Frameworks/ATS.framework/Versions/A/ATS
0x0000000007c00000 	/System/Library/Frameworks/ApplicationServices.framework/Versions/A/Frameworks/ColorSync.framework/Versions/A/ColorSync
0x0000000007c00000 	/System/Library/Frameworks/ApplicationServices.framework/Versions/A/Frameworks/HIServices.framework/Versions/A/HIServices
0x0000000007c00000 	/System/Library/Frameworks/ApplicationServices.framework/Versions/A/Frameworks/LangAnalysis.framework/Versions/A/LangAnalysis
0x0000000007c00000 	/System/Library/Frameworks/ApplicationServices.framework/Versions/A/Frameworks/PrintCore.framework/Versions/A/PrintCore
0x0000000007c00000 	/System/Library/Frameworks/ApplicationServices.framework/Versions/A/Frameworks/QD.framework/Versions/A/QD
0x0000000007c00000 	/System/Library/Frameworks/ApplicationServices.framework/Versions/A/Frameworks/SpeechSynthesis.framework/Versions/A/SpeechSynthesis
0x0000000007c00000 	/System/Library/Frameworks/Metal.framework/Versions/A/Metal
0x0000000007c00000 	/System/Library/Frameworks/Accelerate.framework/Versions/A/Frameworks/vImage.framework/Versions/A/vImage
0x0000000007c00000 	/System/Library/Frameworks/Accelerate.framework/Versions/A/Frameworks/vecLib.framework/Versions/A/vecLib
0x0000000007c00000 	/System/Library/Frameworks/Accelerate.framework/Versions/A/Frameworks/vecLib.framework/Versions/A/libvDSP.dylib
0x0000000007c00000 	/System/Library/Frameworks/Accelerate.framework/Versions/A/Frameworks/vecLib.framework/Versions/A/libvMisc.dylib
0x0000000007c00000 	/System/Library/Frameworks/Accelerate.framework/Versions/A/Frameworks/vecLib.framework/Versions/A/libLAPACK.dylib
0x0000000007c00000 	/System/Library/Frameworks/Accelerate.framework/Versions/A/Frameworks/vecLib.framework/Versions/A/libBLAS.dylib
0x0000000007c00000 	/System/Library/Frameworks/Accelerate.framework/Versions/A/Frameworks/vecLib.framework/Versions/A/libLinearAlgebra.dylib
0x0000000007c00000 	/System/Library/Frameworks/Accelerate.framework/Versions/A/Frameworks/vecLib.framework/Versions/A/libSparseBLAS.dylib
0x0000000007c00000 	/System/Library/PrivateFrameworks/GPUCompiler.framework/libmetal_timestamp.dylib
0x0000000007c00000 	/System/Library/Frameworks/OpenGL.framework/Versions/A/Libraries/libCoreFSCache.dylib
0x0000000007c00000 	/System/Library/PrivateFrameworks/IOAccelerator.framework/Versions/A/IOAccelerator
0x0000000007c00000 	/System/Library/Frameworks/ApplicationServices.framework/Versions/A/Frameworks/ATS.framework/Versions/A/Resources/libFontParser.dylib
0x0000000007c00000 	/System/Library/Frameworks/ApplicationServices.framework/Versions/A/Frameworks/ATS.framework/Versions/A/Resources/libFontRegistry.dylib
0x0000000007c00000 	/System/Library/PrivateFrameworks/AppleVPA.framework/Versions/A/AppleVPA
0x0000000007c00000 	/System/Library/PrivateFrameworks/AppleJPEG.framework/Versions/A/AppleJPEG
0x0000000007c00000 	/System/Library/Frameworks/ImageIO.framework/Versions/A/Resources/libJPEG.dylib
0x0000000007c00000 	/System/Library/Frameworks/ImageIO.framework/Versions/A/Resources/libTIFF.dylib
0x0000000007c00000 	/System/Library/Frameworks/ImageIO.framework/Versions/A/Resources/libPng.dylib
0x0000000007c00000 	/System/Library/Frameworks/ImageIO.framework/Versions/A/Resources/libGIF.dylib
0x0000000007c00000 	/System/Library/Frameworks/ImageIO.framework/Versions/A/Resources/libJP2.dylib
0x0000000007c00000 	/System/Library/Frameworks/ImageIO.framework/Versions/A/Resources/libRadiance.dylib
0x0000000007c00000 	/System/Library/Frameworks/CoreVideo.framework/Versions/A/CoreVideo
0x0000000007c00000 	/System/Library/Frameworks/OpenGL.framework/Versions/A/Libraries/libGLU.dylib
0x0000000007c00000 	/System/Library/Frameworks/OpenGL.framework/Versions/A/Libraries/libGFXShared.dylib
0x0000000007c00000 	/System/Library/Frameworks/OpenGL.framework/Versions/A/Libraries/libGL.dylib
0x0000000007c00000 	/System/Library/Frameworks/OpenGL.framework/Versions/A/Libraries/libGLImage.dylib
0x0000000007c00000 	/System/Library/Frameworks/OpenGL.framework/Versions/A/Libraries/libCVMSPluginSupport.dylib
0x0000000007c00000 	/System/Library/Frameworks/OpenGL.framework/Versions/A/Libraries/libCoreVMClient.dylib
0x0000000007c00000 	/usr/lib/libcompression.dylib
0x0000000007c00000 	/usr/lib/libcups.2.dylib
0x0000000007c00000 	/System/Library/Frameworks/Kerberos.framework/Versions/A/Kerberos
0x0000000007c00000 	/System/Library/Frameworks/GSS.framework/Versions/A/GSS
0x0000000007c00000 	/usr/lib/libresolv.9.dylib
0x0000000007c00000 	/usr/lib/libiconv.2.dylib
0x0000000007c00000 	/System/Library/PrivateFrameworks/Heimdal.framework/Versions/A/Heimdal
0x0000000007c00000 	/usr/lib/libheimdal-asn1.dylib
0x0000000007c00000 	/System/Library/Frameworks/OpenDirectory.framework/Versions/A/OpenDirectory
0x0000000007c00000 	/System/Library/PrivateFrameworks/CommonAuth.framework/Versions/A/CommonAuth
0x0000000007c00000 	/System/Library/Frameworks/OpenDirectory.framework/Versions/A/Frameworks/CFOpenDirectory.framework/Versions/A/CFOpenDirectory
0x0000000007c00000 	/System/Library/Frameworks/SecurityFoundation.framework/Versions/A/SecurityFoundation
0x0000000007c00000 	/System/Library/PrivateFrameworks/LanguageModeling.framework/Versions/A/LanguageModeling
0x0000000007c00000 	/usr/lib/libmarisa.dylib
0x0000000007c00000 	/usr/lib/libChineseTokenizer.dylib
0x0000000007c00000 	/usr/lib/libcmph.dylib
0x0000000007c00000 	/System/Library/Frameworks/ServiceManagement.framework/Versions/A/ServiceManagement
0x0000000007c00000 	/usr/lib/libxslt.1.dylib
0x0000000007c00000 	/System/Library/Frameworks/Carbon.framework/Versions/A/Frameworks/Ink.framework/Versions/A/Ink
0x0000000007c00000 	/usr/lib/libFosl_dynamic.dylib
0x0000000007c00000 	/System/Library/PrivateFrameworks/FaceCore.framework/Versions/A/FaceCore
0x0000000007c00000 	/System/Library/Frameworks/OpenCL.framework/Versions/A/OpenCL
0x0000000007c00000 	/System/Library/PrivateFrameworks/CrashReporterSupport.framework/Versions/A/CrashReporterSupport
0x0000000007c00000 	/System/Library/PrivateFrameworks/IconServices.framework/Versions/A/IconServices
0x0000000007c00000 	/System/Library/PrivateFrameworks/Apple80211.framework/Versions/A/Apple80211
0x0000000007c00000 	/System/Library/Frameworks/CoreWLAN.framework/Versions/A/CoreWLAN
0x0000000007c00000 	/System/Library/Frameworks/IOBluetooth.framework/Versions/A/IOBluetooth
0x0000000007c00000 	/System/Library/PrivateFrameworks/CoreWiFi.framework/Versions/A/CoreWiFi
0x0000000007c00000 	/System/Library/Frameworks/CoreBluetooth.framework/Versions/A/CoreBluetooth
0x0000000007c00000 	/System/Library/PrivateFrameworks/ChunkingLibrary.framework/Versions/A/ChunkingLibrary
0x0000000007c00000 	/System/Library/PrivateFrameworks/DebugSymbols.framework/Versions/A/DebugSymbols
0x0000000007c00000 	/System/Library/PrivateFrameworks/CoreSymbolication.framework/Versions/A/CoreSymbolication
0x0000000007c00000 	/System/Library/PrivateFrameworks/Symbolication.framework/Versions/A/Symbolication
0x0000000007c00000 	/System/Library/PrivateFrameworks/SpeechRecognitionCore.framework/Versions/A/SpeechRecognitionCore
0x0000000107248000 	/Library/Java/JavaVirtualMachines/jdk1.7.0_79.jdk/Contents/Home/jre/lib/server/libjvm.dylib
0x0000000007c00000 	/usr/lib/libstdc++.6.dylib
0x0000000107cab000 	/Library/Java/JavaVirtualMachines/jdk1.7.0_79.jdk/Contents/Home/jre/lib/libverify.dylib
0x0000000107cb8000 	/Library/Java/JavaVirtualMachines/jdk1.7.0_79.jdk/Contents/Home/jre/lib/libjava.dylib
0x0000000107ce9000 	/Library/Java/JavaVirtualMachines/jdk1.7.0_79.jdk/Contents/Home/jre/lib/libjdwp.dylib
0x0000000107d2a000 	/Library/Java/JavaVirtualMachines/jdk1.7.0_79.jdk/Contents/Home/jre/lib/libnpt.dylib
0x0000000107d37000 	/Library/Java/JavaVirtualMachines/jdk1.7.0_79.jdk/Contents/Home/jre/lib/libzip.dylib
0x000000011169c000 	/System/Library/Frameworks/JavaVM.framework/Frameworks/JavaRuntimeSupport.framework/JavaRuntimeSupport
0x00000001116b7000 	/System/Library/Frameworks/JavaVM.framework/Versions/A/Frameworks/JavaNativeFoundation.framework/Versions/A/JavaNativeFoundation
0x00000001116cc000 	/System/Library/Frameworks/JavaVM.framework/Versions/A/JavaVM
0x0000000007c00000 	/System/Library/Frameworks/Carbon.framework/Versions/A/Carbon
0x00000001116d9000 	/System/Library/PrivateFrameworks/JavaLaunching.framework/Versions/A/JavaLaunching
0x0000000007c00000 	/System/Library/Frameworks/Carbon.framework/Versions/A/Frameworks/CommonPanels.framework/Versions/A/CommonPanels
0x0000000007c00000 	/System/Library/Frameworks/Carbon.framework/Versions/A/Frameworks/Help.framework/Versions/A/Help
0x0000000007c00000 	/System/Library/Frameworks/Carbon.framework/Versions/A/Frameworks/ImageCapture.framework/Versions/A/ImageCapture
0x0000000007c00000 	/System/Library/Frameworks/Carbon.framework/Versions/A/Frameworks/OpenScripting.framework/Versions/A/OpenScripting
0x0000000007c00000 	/System/Library/Frameworks/Carbon.framework/Versions/A/Frameworks/Print.framework/Versions/A/Print
0x0000000007c00000 	/System/Library/Frameworks/Carbon.framework/Versions/A/Frameworks/SecurityHI.framework/Versions/A/SecurityHI
0x0000000112ffb000 	/Library/Java/JavaVirtualMachines/jdk1.7.0_79.jdk/Contents/Home/jre/lib/libdt_socket.dylib
0x0000000113311000 	/Library/Java/JavaVirtualMachines/jdk1.7.0_79.jdk/Contents/Home/jre/lib/libnet.dylib
0x000000011361e000 	/Library/Java/JavaVirtualMachines/jdk1.7.0_79.jdk/Contents/Home/jre/lib/libsunec.dylib
0x000000011364d000 	/Library/Java/JavaVirtualMachines/jdk1.7.0_79.jdk/Contents/Home/jre/lib/libawt.dylib
0x00000001136fc000 	/Library/Java/JavaVirtualMachines/jdk1.7.0_79.jdk/Contents/Home/jre/lib/./libmlib_image.dylib
0x00000001137c8000 	/Library/Java/JavaVirtualMachines/jdk1.7.0_79.jdk/Contents/Home/jre/lib/lwawt/liblwawt.dylib
0x000000011387e000 	/Library/Java/JavaVirtualMachines/jdk1.7.0_79.jdk/Contents/Home/jre/lib/libosxapp.dylib
0x0000000007c00000 	/System/Library/Frameworks/ExceptionHandling.framework/Versions/A/ExceptionHandling
0x0000000007c00000 	/System/Library/PrivateFrameworks/CoreServicesInternal.framework/Versions/A/CoreServicesInternal
0x0000000007c00000 	/System/Library/Frameworks/CoreGraphics.framework/Versions/A/Resources/libRIP.A.dylib
0x0000000007c00000 	/System/Library/Frameworks/Accelerate.framework/Versions/A/Frameworks/vImage.framework/Versions/A/Libraries/libCGInterfaces.dylib
0x0000000007c00000 	/System/Library/Frameworks/CoreGraphics.framework/Versions/A/Resources/libCGXType.A.dylib
0x0000000007c00000 	/System/Library/Frameworks/OpenCL.framework/Versions/A/Libraries/libcldcpuengine.dylib
0x0000000007c00000 	/System/Library/PrivateFrameworks/DiskImages.framework/Versions/A/DiskImages
0x0000000007c00000 	/System/Library/Frameworks/DiscRecording.framework/Versions/A/DiscRecording
0x0000000007c00000 	/usr/lib/libcsfde.dylib
0x0000000007c00000 	/usr/lib/libcurl.4.dylib
0x0000000007c00000 	/System/Library/PrivateFrameworks/MediaKit.framework/Versions/A/MediaKit
0x0000000007c00000 	/System/Library/PrivateFrameworks/ProtectedCloudStorage.framework/Versions/A/ProtectedCloudStorage
0x0000000007c00000 	/usr/lib/libCoreStorage.dylib
0x0000000007c00000 	/System/Library/PrivateFrameworks/EFILogin.framework/Versions/A/EFILogin
0x0000000007c00000 	/usr/lib/libutil.dylib
0x0000000007c00000 	/System/Library/PrivateFrameworks/FindMyDevice.framework/Versions/A/FindMyDevice
0x0000000007c00000 	/System/Library/Frameworks/LDAP.framework/Versions/A/LDAP
0x0000000007c00000 	/usr/lib/libsasl2.2.dylib
0x0000000007c00000 	/System/Library/PrivateFrameworks/CoreDaemon.framework/Versions/B/CoreDaemon
0x0000000007c00000 	/usr/lib/libcrypto.0.9.8.dylib
0x0000000007c00000 	/System/Library/PrivateFrameworks/AppleSRP.framework/Versions/A/AppleSRP
0x0000000007c00000 	/System/Library/PrivateFrameworks/TrustEvaluationAgent.framework/Versions/A/TrustEvaluationAgent
0x00000001153d3000 	cl_kernels
0x0000000007c00000 	/System/Library/Frameworks/OpenCL.framework/Versions/A/Libraries/ImageFormats/unorm8_bgra.dylib
0x0000000007c00000 	/System/Library/Frameworks/OpenCL.framework/Versions/A/Libraries/ImageFormats/unorm8_rgba.dylib
0x0000000007c00000 	/System/Library/PrivateFrameworks/FamilyControls.framework/Versions/A/FamilyControls
0x0000000007c00000 	/System/Library/PrivateFrameworks/CommerceKit.framework/Versions/A/Frameworks/CommerceCore.framework/Versions/A/CommerceCore
0x0000000007c00000 	/System/Library/PrivateFrameworks/SystemAdministration.framework/Versions/A/SystemAdministration
0x0000000007c00000 	/System/Library/PrivateFrameworks/AppContainer.framework/Versions/A/AppContainer
0x0000000007c00000 	/System/Library/PrivateFrameworks/SecCodeWrapper.framework/Versions/A/SecCodeWrapper
0x0000000007c00000 	/System/Library/Frameworks/DirectoryService.framework/Versions/A/DirectoryService
0x0000000007c00000 	/System/Library/PrivateFrameworks/LoginUIKit.framework/Versions/A/Frameworks/LoginUICore.framework/Versions/A/LoginUICore
0x0000000007c00000 	/usr/lib/libodfde.dylib
0x00000001164ae000 	/Library/Java/JavaVirtualMachines/jdk1.7.0_79.jdk/Contents/Home/jre/lib/libfontmanager.dylib
0x0000000114857000 	/Library/Java/JavaVirtualMachines/jdk1.7.0_79.jdk/Contents/Home/jre/lib/libnio.dylib
0x0000000007c00000 	/System/Library/Frameworks/OpenGL.framework/Versions/A/Resources/GLEngine.bundle/GLEngine
0x0000000007c00000 	/System/Library/Frameworks/OpenGL.framework/Versions/A/Libraries/libGLProgrammability.dylib
0x0000000116515000 	/System/Library/Extensions/AppleIntelHD5000GraphicsGLDriver.bundle/Contents/MacOS/AppleIntelHD5000GraphicsGLDriver
0x0000000007c00000 	/System/Library/PrivateFrameworks/GPUSupport.framework/Versions/A/Libraries/libGPUSupportMercury.dylib
0x0000000007c00000 	/System/Library/Frameworks/OpenGL.framework/Versions/A/Resources/GLRendererFloat.bundle/GLRendererFloat
0x00000001174d5000 	/Library/Java/JavaVirtualMachines/jdk1.7.0_79.jdk/Contents/Home/jre/lib/libosxui.dylib
0x0000000119e13000 	/System/Library/Extensions/AppleIntelHD5000GraphicsMTLDriver.bundle/Contents/MacOS/AppleIntelHD5000GraphicsMTLDriver

VM Arguments:
jvm_args: -agentlib:jdwp=transport=dt_socket,address=127.0.0.1:58874,suspend=y,server=n -Dfile.encoding=UTF-8 
java_command: com.practice.xmpppractice.client.DemoClient
Launcher Type: SUN_STANDARD

Environment Variables:
JAVA_HOME=/Library/Java/JavaVirtualMachines/jdk1.8.0_60.jdk/Contents/Home
PATH=/usr/local/bin:/usr/bin:/bin:/usr/sbin:/sbin:/usr/local/git/bin:/Users/vaibhavr/My_Stuff/Softs/apache-maven-3.3.3/bin:/Library/Java/JavaVirtualMachines/jdk1.8.0_60.jdk/Contents/Home/bin:/usr/local/mysql/bin:/Applications/ejabberd-15.07/bin:/Users/vaibhavr/environment/gradle-2.6/bin:/Users/vaibhavr/environment/android-sdk-macosx/tools:/Users/vaibhavr/environment/android-sdk-macosx/platform-tools
SHELL=/usr/local/bin/zsh
DISPLAY=/private/tmp/com.apple.launchd.N8GBDBGQGl/org.macosforge.xquartz:0

Signal Handlers:
SIGSEGV: [libjvm.dylib+0x52daf1], sa_mask[0]=0xfffefeff, sa_flags=0x00000043
SIGBUS: [libjvm.dylib+0x52daf1], sa_mask[0]=0xfffefeff, sa_flags=0x00000042
SIGFPE: [libjvm.dylib+0x41f34e], sa_mask[0]=0xfffefeff, sa_flags=0x00000042
SIGPIPE: [libjvm.dylib+0x41f34e], sa_mask[0]=0xfffefeff, sa_flags=0x00000042
SIGXFSZ: [libjvm.dylib+0x41f34e], sa_mask[0]=0xfffefeff, sa_flags=0x00000042
SIGILL: [libjvm.dylib+0x41f34e], sa_mask[0]=0xfffefeff, sa_flags=0x00000042
SIGUSR1: SIG_DFL, sa_mask[0]=0x00000000, sa_flags=0x00000000
SIGUSR2: [libjvm.dylib+0x41ee40], sa_mask[0]=0x00000004, sa_flags=0x00000042
SIGHUP: [libjvm.dylib+0x41d0d1], sa_mask[0]=0xfffefeff, sa_flags=0x00000042
SIGINT: [libjvm.dylib+0x41d0d1], sa_mask[0]=0xfffefeff, sa_flags=0x00000042
SIGTERM: [libjvm.dylib+0x41d0d1], sa_mask[0]=0xfffefeff, sa_flags=0x00000042
SIGQUIT: [libjvm.dylib+0x41d0d1], sa_mask[0]=0xfffefeff, sa_flags=0x00000042


---------------  S Y S T E M  ---------------

OS:Bsduname:Darwin 15.5.0 Darwin Kernel Version 15.5.0: Tue Apr 19 18:36:36 PDT 2016; root:xnu-3248.50.21~8/RELEASE_X86_64 x86_64
rlimit: STACK 8192k, CORE 0k, NPROC 709, NOFILE 10240, AS infinity
load average:2.82 2.61 2.39

CPU:total 4 (2 cores per cpu, 2 threads per core) family 6 model 69 stepping 1, cmov, cx8, fxsr, mmx, sse, sse2, sse3, ssse3, sse4.1, sse4.2, popcnt, avx, avx2, aes, erms, ht, tsc, tscinvbit

Memory: 4k page, physical 8388608k(2097152k free)

/proc/meminfo:


vm_info: Java HotSpot(TM) 64-Bit Server VM (24.79-b02) for bsd-amd64 JRE (1.7.0_79-b15), built on Apr 10 2015 11:35:04 by "java_re" with gcc 4.2.1 (Based on Apple Inc. build 5658) (LLVM build 2336.11.00)

time: Mon Jun 20 12:19:11 2016
elapsed time: 63158 seconds

